This file contains any messages produced by compilers while
running configure, to aid debugging if configure makes a mistake.

It was created by hypersonic configure 1.2.0, which was
generated by GNU Autoconf 2.53.  Invocation command line was

  $ ./configure 

## --------- ##
## Platform. ##
## --------- ##

hostname = NavUb
uname -m = x86_64
uname -r = 3.13.0-32-generic
uname -s = Linux
uname -v = #57-Ubuntu SMP Tue Jul 15 03:51:08 UTC 2014

/usr/bin/uname -p = unknown
/bin/uname -X     = unknown

/bin/arch              = unknown
/usr/bin/arch -k       = unknown
/usr/convex/getsysinfo = unknown
hostinfo               = unknown
/bin/machine           = unknown
/usr/bin/oslevel       = unknown
/bin/universe          = unknown

PATH: /bin
PATH: /bin
PATH: /usr/local/sbin
PATH: /usr/local/bin
PATH: /usr/sbin
PATH: /usr/bin
PATH: /sbin
PATH: /bin
PATH: /usr/games
PATH: /usr/local/games


## ----------- ##
## Core tests. ##
## ----------- ##

configure:1159: Configuring hypersonic
configure:1193: checking build system type
configure:1211: result: x86_64-unknown-linux-gnu
configure:1219: checking host system type
configure:1233: result: x86_64-unknown-linux-gnu
configure:1293: checking for gcc
configure:1309: found /usr/bin/gcc
configure:1319: result: gcc
configure:1563: checking for C compiler version
configure:1566: gcc --version </dev/null >&5
gcc (Ubuntu 4.8.2-19ubuntu1) 4.8.2
Copyright (C) 2013 Free Software Foundation, Inc.
This is free software; see the source for copying conditions.  There is NO
warranty; not even for MERCHANTABILITY or FITNESS FOR A PARTICULAR PURPOSE.

configure:1569: $? = 0
configure:1571: gcc -v </dev/null >&5
Using built-in specs.
COLLECT_GCC=gcc
COLLECT_LTO_WRAPPER=/usr/lib/gcc/x86_64-linux-gnu/4.8/lto-wrapper
Target: x86_64-linux-gnu
Configured with: ../src/configure -v --with-pkgversion='Ubuntu 4.8.2-19ubuntu1' --with-bugurl=file:///usr/share/doc/gcc-4.8/README.Bugs --enable-languages=c,c++,java,go,d,fortran,objc,obj-c++ --prefix=/usr --program-suffix=-4.8 --enable-shared --enable-linker-build-id --libexecdir=/usr/lib --without-included-gettext --enable-threads=posix --with-gxx-include-dir=/usr/include/c++/4.8 --libdir=/usr/lib --enable-nls --with-sysroot=/ --enable-clocale=gnu --enable-libstdcxx-debug --enable-libstdcxx-time=yes --enable-gnu-unique-object --disable-libmudflap --enable-plugin --with-system-zlib --disable-browser-plugin --enable-java-awt=gtk --enable-gtk-cairo --with-java-home=/usr/lib/jvm/java-1.5.0-gcj-4.8-amd64/jre --enable-java-home --with-jvm-root-dir=/usr/lib/jvm/java-1.5.0-gcj-4.8-amd64 --with-jvm-jar-dir=/usr/lib/jvm-exports/java-1.5.0-gcj-4.8-amd64 --with-arch-directory=amd64 --with-ecj-jar=/usr/share/java/eclipse-ecj.jar --enable-objc-gc --enable-multiarch --disable-werror --with-arch-32=i686 --with-abi=m64 --with-multilib-list=m32,m64,mx32 --with-tune=generic --enable-checking=release --build=x86_64-linux-gnu --host=x86_64-linux-gnu --target=x86_64-linux-gnu
Thread model: posix
gcc version 4.8.2 (Ubuntu 4.8.2-19ubuntu1) 
configure:1574: $? = 0
configure:1576: gcc -V </dev/null >&5
gcc: error: unrecognized command line option '-V'
gcc: fatal error: no input files
compilation terminated.
configure:1579: $? = 4
configure:1605: checking for C compiler default output
configure:1608: gcc    conftest.c  >&5
configure:1611: $? = 0
configure:1644: result: a.out
configure:1649: checking whether the C compiler works
configure:1655: ./a.out
configure:1658: $? = 0
configure:1673: result: yes
configure:1680: checking whether we are cross compiling
configure:1682: result: no
configure:1685: checking for suffix of executables
configure:1687: gcc -o conftest    conftest.c  >&5
configure:1690: $? = 0
configure:1712: result: 
configure:1718: checking for suffix of object files
configure:1742: gcc -c   conftest.c >&5
configure:1745: $? = 0
configure:1764: result: o
configure:1768: checking whether we are using the GNU C compiler
configure:1795: gcc -c   conftest.c >&5
configure:1798: $? = 0
configure:1801: test -s conftest.o
configure:1804: $? = 0
configure:1816: result: yes
configure:1822: checking whether gcc accepts -g
configure:1846: gcc -c -g  conftest.c >&5
configure:1849: $? = 0
configure:1852: test -s conftest.o
configure:1855: $? = 0
configure:1865: result: yes
configure:1892: gcc -c -g -O2  conftest.c >&5
conftest.c:2:3: error: unknown type name 'choke'
   choke me
   ^
conftest.c:2:3: error: expected '=', ',', ';', 'asm' or '__attribute__' at end of input
configure:1895: $? = 1
configure: failed program was:
#ifndef __cplusplus
  choke me
#endif
configure:2017: checking for a BSD-compatible install
configure:2071: result: /usr/bin/install -c
configure:2082: checking whether make sets ${MAKE}
configure:2102: result: yes
configure:2188: checking for /usr/include/execinfo.h
configure:2203: result: yes
configure:2219: looking for SDL
configure:2221: checking for /usr/include/SDL/SDL.h
configure:2236: result: no
configure:2247: checking for /usr/local/include/SDL/SDL.h
configure:2262: result: no
configure:2273: could not find SDL
configure:2288: looking for OSS sound headers
configure:2290: checking for /usr/include/sys/ioctl.h
configure:2305: result: no
configure:2339: OSS headers not found
configure:2351: looking for python files
configure:2354: checking for /usr/lib/python2.3/site-packages
configure:2369: result: yes
configure:2450: checking for /usr/include/python2.3/Python.h
configure:2465: result: no
configure:2470: checking for /usr/local/include/python2.3/Python.h
configure:2485: result: no
configure:2490: checking for /usr/include/python2.3/Python.h
configure:2505: result: no
configure:2510: checking for /usr/local/include/python2.3/Python.h
configure:2525: result: no
configure:2530: error: can't find python developer files 

## ---------------- ##
## Cache variables. ##
## ---------------- ##

ac_cv_build=x86_64-unknown-linux-gnu
ac_cv_build_alias=x86_64-unknown-linux-gnu
ac_cv_c_compiler_gnu=yes
ac_cv_env_CC_set=
ac_cv_env_CC_value=
ac_cv_env_CFLAGS_set=
ac_cv_env_CFLAGS_value=
ac_cv_env_CPPFLAGS_set=
ac_cv_env_CPPFLAGS_value=
ac_cv_env_LDFLAGS_set=
ac_cv_env_LDFLAGS_value=
ac_cv_env_build_alias_set=
ac_cv_env_build_alias_value=
ac_cv_env_host_alias_set=
ac_cv_env_host_alias_value=
ac_cv_env_target_alias_set=
ac_cv_env_target_alias_value=
ac_cv_exeext=
ac_cv_file__usr_include_SDL_SDL_h=no
ac_cv_file__usr_include_execinfo_h=yes
ac_cv_file__usr_include_python2_2_Python_h=no
ac_cv_file__usr_include_python2_3_Python_h=no
ac_cv_file__usr_include_sys_ioctl_h=no
ac_cv_file__usr_lib_python2_2_site_packages=yes
ac_cv_file__usr_local_include_SDL_SDL_h=no
ac_cv_file__usr_local_include_python2_2_Python_h=no
ac_cv_file__usr_local_include_python2_3_Python_h=no
ac_cv_host=x86_64-unknown-linux-gnu
ac_cv_host_alias=x86_64-unknown-linux-gnu
ac_cv_objext=o
ac_cv_path_install='/usr/bin/install -c'
ac_cv_prog_ac_ct_CC=gcc
ac_cv_prog_cc_g=yes
ac_cv_prog_make_make_set=yes

## ----------- ##
## confdefs.h. ##
## ----------- ##

#define PACKAGE_NAME "hypersonic"
#define PACKAGE_TARNAME "hypersonic"
#define PACKAGE_VERSION "1.2.0"
#define PACKAGE_STRING "hypersonic 1.2.0"
#define PACKAGE_BUGREPORT "simon@arrowtheory.com"
#define LINUX 1
#define HAVE_PORTAUDIO 1
#define HAVE_EXECINFO 1

configure: exit 1
